[2026-04-27 16:30:58] HIDP_CAPS path=\\?\hid#{00001124-0000-1000-8000-00805f9b34fb}_vid&0001004c_pid&0323#a&31e5d054&c&0000#{4d1e55b2-f16f-11cf-88cb-001111000030} InLen=47 FeatLen=2 TLC=UP:0001/U:0002
[2026-04-27 16:30:58] DETECT path=\\?\hid#{00001124-0000-1000-8000-00805f9b34fb}_vid&0001004c_pid&0323#a&31e5d054&c&0000#{4d1e55b2-f16f-11cf-88cb-001111000030} unified-apple Feature=0x47 (Battery Strength)
[2026-04-27 16:30:58] FEATURE_BLOCKED path=\\?\hid#{00001124-0000-1000-8000-00805f9b34fb}_vid&0001004c_pid&0323#a&31e5d054&c&0000#{4d1e55b2-f16f-11cf-88cb-001111000030} err=87 (Apple driver traps Feature 0x47; needs custom KMDF filter — see PRD-184)
[2026-04-27 16:30:58] BATTERY_INACCESSIBLE Apple driver in unified mode (see PRD-184)
[2026-04-27 16:30:58] TRAY_UPDATE pct=-2 isLow=False tooltip="⚠ Driver | Magic Mouse 2024 - battery N/A · Next: 5m"
[2026-04-27 16:30:58] POLL_SCHEDULED pct=-2 next_in=00:05:00
[2026-04-27 16:35:58] HIDP_CAPS path=\\?\hid#{00001124-0000-1000-8000-00805f9b34fb}_vid&0001004c_pid&0323#a&31e5d054&c&0000#{4d1e55b2-f16f-11cf-88cb-001111000030} InLen=47 FeatLen=2 TLC=UP:0001/U:0002
[2026-04-27 16:35:58] DETECT path=\\?\hid#{00001124-0000-1000-8000-00805f9b34fb}_vid&0001004c_pid&0323#a&31e5d054&c&0000#{4d1e55b2-f16f-11cf-88cb-001111000030} unified-apple Feature=0x47 (Battery Strength)
[2026-04-27 16:35:58] FEATURE_BLOCKED path=\\?\hid#{00001124-0000-1000-8000-00805f9b34fb}_vid&0001004c_pid&0323#a&31e5d054&c&0000#{4d1e55b2-f16f-11cf-88cb-001111000030} err=87 (Apple driver traps Feature 0x47; needs custom KMDF filter — see PRD-184)
[2026-04-27 16:35:58] BATTERY_INACCESSIBLE Apple driver in unified mode (see PRD-184)
[2026-04-27 16:35:58] TRAY_UPDATE pct=-2 isLow=False tooltip="⚠ Driver | Magic Mouse 2024 - battery N/A · Next: 5m"
[2026-04-27 16:35:58] POLL_SCHEDULED pct=-2 next_in=00:05:00
[2026-04-27 16:40:58] HIDP_CAPS path=\\?\hid#{00001124-0000-1000-8000-00805f9b34fb}_vid&0001004c_pid&0323#a&31e5d054&c&0000#{4d1e55b2-f16f-11cf-88cb-001111000030} InLen=47 FeatLen=2 TLC=UP:0001/U:0002
[2026-04-27 16:40:58] DETECT path=\\?\hid#{00001124-0000-1000-8000-00805f9b34fb}_vid&0001004c_pid&0323#a&31e5d054&c&0000#{4d1e55b2-f16f-11cf-88cb-001111000030} unified-apple Feature=0x47 (Battery Strength)
[2026-04-27 16:40:59] FEATURE_BLOCKED path=\\?\hid#{00001124-0000-1000-8000-00805f9b34fb}_vid&0001004c_pid&0323#a&31e5d054&c&0000#{4d1e55b2-f16f-11cf-88cb-001111000030} err=87 (Apple driver traps Feature 0x47; needs custom KMDF filter — see PRD-184)
[2026-04-27 16:40:59] BATTERY_INACCESSIBLE Apple driver in unified mode (see PRD-184)
[2026-04-27 16:40:59] TRAY_UPDATE pct=-2 isLow=False tooltip="⚠ Driver | Magic Mouse 2024 - battery N/A · Next: 5m"
[2026-04-27 16:40:59] POLL_SCHEDULED pct=-2 next_in=00:05:00
[2026-04-27 16:45:59] HIDP_CAPS path=\\?\hid#{00001124-0000-1000-8000-00805f9b34fb}_vid&0001004c_pid&0323#a&31e5d054&c&0000#{4d1e55b2-f16f-11cf-88cb-001111000030} InLen=47 FeatLen=2 TLC=UP:0001/U:0002
[2026-04-27 16:45:59] DETECT path=\\?\hid#{00001124-0000-1000-8000-00805f9b34fb}_vid&0001004c_pid&0323#a&31e5d054&c&0000#{4d1e55b2-f16f-11cf-88cb-001111000030} unified-apple Feature=0x47 (Battery Strength)
[2026-04-27 16:45:59] FEATURE_BLOCKED path=\\?\hid#{00001124-0000-1000-8000-00805f9b34fb}_vid&0001004c_pid&0323#a&31e5d054&c&0000#{4d1e55b2-f16f-11cf-88cb-001111000030} err=87 (Apple driver traps Feature 0x47; needs custom KMDF filter — see PRD-184)
[2026-04-27 16:45:59] BATTERY_INACCESSIBLE Apple driver in unified mode (see PRD-184)
[2026-04-27 16:45:59] TRAY_UPDATE pct=-2 isLow=False tooltip="⚠ Driver | Magic Mouse 2024 - battery N/A · Next: 5m"
[2026-04-27 16:45:59] POLL_SCHEDULED pct=-2 next_in=00:05:00
[2026-04-27 16:50:59] HIDP_CAPS path=\\?\hid#{00001124-0000-1000-8000-00805f9b34fb}_vid&0001004c_pid&0323#a&31e5d054&c&0000#{4d1e55b2-f16f-11cf-88cb-001111000030} InLen=47 FeatLen=2 TLC=UP:0001/U:0002
[2026-04-27 16:50:59] DETECT path=\\?\hid#{00001124-0000-1000-8000-00805f9b34fb}_vid&0001004c_pid&0323#a&31e5d054&c&0000#{4d1e55b2-f16f-11cf-88cb-001111000030} unified-apple Feature=0x47 (Battery Strength)
[2026-04-27 16:50:59] FEATURE_BLOCKED path=\\?\hid#{00001124-0000-1000-8000-00805f9b34fb}_vid&0001004c_pid&0323#a&31e5d054&c&0000#{4d1e55b2-f16f-11cf-88cb-001111000030} err=87 (Apple driver traps Feature 0x47; needs custom KMDF filter — see PRD-184)
[2026-04-27 16:50:59] BATTERY_INACCESSIBLE Apple driver in unified mode (see PRD-184)
[2026-04-27 16:50:59] TRAY_UPDATE pct=-2 isLow=False tooltip="⚠ Driver | Magic Mouse 2024 - battery N/A · Next: 5m"
[2026-04-27 16:50:59] POLL_SCHEDULED pct=-2 next_in=00:05:00
[2026-04-27 16:55:59] HIDP_CAPS path=\\?\hid#{00001124-0000-1000-8000-00805f9b34fb}_vid&0001004c_pid&0323#a&31e5d054&c&0000#{4d1e55b2-f16f-11cf-88cb-001111000030} InLen=47 FeatLen=2 TLC=UP:0001/U:0002
[2026-04-27 16:55:59] DETECT path=\\?\hid#{00001124-0000-1000-8000-00805f9b34fb}_vid&0001004c_pid&0323#a&31e5d054&c&0000#{4d1e55b2-f16f-11cf-88cb-001111000030} unified-apple Feature=0x47 (Battery Strength)
[2026-04-27 16:55:59] FEATURE_BLOCKED path=\\?\hid#{00001124-0000-1000-8000-00805f9b34fb}_vid&0001004c_pid&0323#a&31e5d054&c&0000#{4d1e55b2-f16f-11cf-88cb-001111000030} err=87 (Apple driver traps Feature 0x47; needs custom KMDF filter — see PRD-184)
[2026-04-27 16:55:59] BATTERY_INACCESSIBLE Apple driver in unified mode (see PRD-184)
[2026-04-27 16:55:59] TRAY_UPDATE pct=-2 isLow=False tooltip="⚠ Driver | Magic Mouse 2024 - battery N/A · Next: 5m"
[2026-04-27 16:55:59] POLL_SCHEDULED pct=-2 next_in=00:05:00
[2026-04-27 17:00:59] HIDP_CAPS path=\\?\hid#{00001124-0000-1000-8000-00805f9b34fb}_vid&0001004c_pid&0323#a&31e5d054&c&0000#{4d1e55b2-f16f-11cf-88cb-001111000030} InLen=47 FeatLen=2 TLC=UP:0001/U:0002
[2026-04-27 17:00:59] DETECT path=\\?\hid#{00001124-0000-1000-8000-00805f9b34fb}_vid&0001004c_pid&0323#a&31e5d054&c&0000#{4d1e55b2-f16f-11cf-88cb-001111000030} unified-apple Feature=0x47 (Battery Strength)
[2026-04-27 17:00:59] FEATURE_BLOCKED path=\\?\hid#{00001124-0000-1000-8000-00805f9b34fb}_vid&0001004c_pid&0323#a&31e5d054&c&0000#{4d1e55b2-f16f-11cf-88cb-001111000030} err=87 (Apple driver traps Feature 0x47; needs custom KMDF filter — see PRD-184)
[2026-04-27 17:00:59] BATTERY_INACCESSIBLE Apple driver in unified mode (see PRD-184)
[2026-04-27 17:00:59] TRAY_UPDATE pct=-2 isLow=False tooltip="⚠ Driver | Magic Mouse 2024 - battery N/A · Next: 5m"
[2026-04-27 17:00:59] POLL_SCHEDULED pct=-2 next_in=00:05:00
[2026-04-27 17:05:59] HIDP_CAPS path=\\?\hid#{00001124-0000-1000-8000-00805f9b34fb}_vid&0001004c_pid&0323#a&31e5d054&c&0000#{4d1e55b2-f16f-11cf-88cb-001111000030} InLen=47 FeatLen=2 TLC=UP:0001/U:0002
[2026-04-27 17:05:59] DETECT path=\\?\hid#{00001124-0000-1000-8000-00805f9b34fb}_vid&0001004c_pid&0323#a&31e5d054&c&0000#{4d1e55b2-f16f-11cf-88cb-001111000030} unified-apple Feature=0x47 (Battery Strength)
[2026-04-27 17:05:59] FEATURE_BLOCKED path=\\?\hid#{00001124-0000-1000-8000-00805f9b34fb}_vid&0001004c_pid&0323#a&31e5d054&c&0000#{4d1e55b2-f16f-11cf-88cb-001111000030} err=87 (Apple driver traps Feature 0x47; needs custom KMDF filter — see PRD-184)
[2026-04-27 17:05:59] BATTERY_INACCESSIBLE Apple driver in unified mode (see PRD-184)
[2026-04-27 17:05:59] TRAY_UPDATE pct=-2 isLow=False tooltip="⚠ Driver | Magic Mouse 2024 - battery N/A · Next: 5m"
[2026-04-27 17:05:59] POLL_SCHEDULED pct=-2 next_in=00:05:00
[2026-04-27 17:10:59] HIDP_CAPS path=\\?\hid#{00001124-0000-1000-8000-00805f9b34fb}_vid&0001004c_pid&0323#a&31e5d054&c&0000#{4d1e55b2-f16f-11cf-88cb-001111000030} InLen=47 FeatLen=2 TLC=UP:0001/U:0002
[2026-04-27 17:10:59] DETECT path=\\?\hid#{00001124-0000-1000-8000-00805f9b34fb}_vid&0001004c_pid&0323#a&31e5d054&c&0000#{4d1e55b2-f16f-11cf-88cb-001111000030} unified-apple Feature=0x47 (Battery Strength)
[2026-04-27 17:11:00] FEATURE_BLOCKED path=\\?\hid#{00001124-0000-1000-8000-00805f9b34fb}_vid&0001004c_pid&0323#a&31e5d054&c&0000#{4d1e55b2-f16f-11cf-88cb-001111000030} err=87 (Apple driver traps Feature 0x47; needs custom KMDF filter — see PRD-184)
[2026-04-27 17:11:00] BATTERY_INACCESSIBLE Apple driver in unified mode (see PRD-184)
[2026-04-27 17:11:00] TRAY_UPDATE pct=-2 isLow=False tooltip="⚠ Driver | Magic Mouse 2024 - battery N/A · Next: 5m"
[2026-04-27 17:11:00] POLL_SCHEDULED pct=-2 next_in=00:05:00
[2026-04-27 17:16:00] HIDP_CAPS path=\\?\hid#{00001124-0000-1000-8000-00805f9b34fb}_vid&0001004c_pid&0323#a&31e5d054&c&0000#{4d1e55b2-f16f-11cf-88cb-001111000030} InLen=47 FeatLen=2 TLC=UP:0001/U:0002
[2026-04-27 17:16:00] DETECT path=\\?\hid#{00001124-0000-1000-8000-00805f9b34fb}_vid&0001004c_pid&0323#a&31e5d054&c&0000#{4d1e55b2-f16f-11cf-88cb-001111000030} unified-apple Feature=0x47 (Battery Strength)
[2026-04-27 17:16:00] FEATURE_BLOCKED path=\\?\hid#{00001124-0000-1000-8000-00805f9b34fb}_vid&0001004c_pid&0323#a&31e5d054&c&0000#{4d1e55b2-f16f-11cf-88cb-001111000030} err=87 (Apple driver traps Feature 0x47; needs custom KMDF filter — see PRD-184)
[2026-04-27 17:16:00] BATTERY_INACCESSIBLE Apple driver in unified mode (see PRD-184)
[2026-04-27 17:16:00] TRAY_UPDATE pct=-2 isLow=False tooltip="⚠ Driver | Magic Mouse 2024 - battery N/A · Next: 5m"
[2026-04-27 17:16:00] POLL_SCHEDULED pct=-2 next_in=00:05:00
[2026-04-27 17:21:00] HIDP_CAPS path=\\?\hid#{00001124-0000-1000-8000-00805f9b34fb}_vid&0001004c_pid&0323#a&31e5d054&c&0000#{4d1e55b2-f16f-11cf-88cb-001111000030} InLen=47 FeatLen=2 TLC=UP:0001/U:0002
[2026-04-27 17:21:00] DETECT path=\\?\hid#{00001124-0000-1000-8000-00805f9b34fb}_vid&0001004c_pid&0323#a&31e5d054&c&0000#{4d1e55b2-f16f-11cf-88cb-001111000030} unified-apple Feature=0x47 (Battery Strength)
[2026-04-27 17:21:00] FEATURE_BLOCKED path=\\?\hid#{00001124-0000-1000-8000-00805f9b34fb}_vid&0001004c_pid&0323#a&31e5d054&c&0000#{4d1e55b2-f16f-11cf-88cb-001111000030} err=87 (Apple driver traps Feature 0x47; needs custom KMDF filter — see PRD-184)
[2026-04-27 17:21:00] BATTERY_INACCESSIBLE Apple driver in unified mode (see PRD-184)
[2026-04-27 17:21:00] TRAY_UPDATE pct=-2 isLow=False tooltip="⚠ Driver | Magic Mouse 2024 - battery N/A · Next: 5m"
[2026-04-27 17:21:00] POLL_SCHEDULED pct=-2 next_in=00:05:00
[2026-04-27 17:26:00] HIDP_CAPS path=\\?\hid#{00001124-0000-1000-8000-00805f9b34fb}_vid&0001004c_pid&0323#a&31e5d054&c&0000#{4d1e55b2-f16f-11cf-88cb-001111000030} InLen=47 FeatLen=2 TLC=UP:0001/U:0002
[2026-04-27 17:26:00] DETECT path=\\?\hid#{00001124-0000-1000-8000-00805f9b34fb}_vid&0001004c_pid&0323#a&31e5d054&c&0000#{4d1e55b2-f16f-11cf-88cb-001111000030} unified-apple Feature=0x47 (Battery Strength)
[2026-04-27 17:26:00] FEATURE_BLOCKED path=\\?\hid#{00001124-0000-1000-8000-00805f9b34fb}_vid&0001004c_pid&0323#a&31e5d054&c&0000#{4d1e55b2-f16f-11cf-88cb-001111000030} err=87 (Apple driver traps Feature 0x47; needs custom KMDF filter — see PRD-184)
[2026-04-27 17:26:00] BATTERY_INACCESSIBLE Apple driver in unified mode (see PRD-184)
[2026-04-27 17:26:00] TRAY_UPDATE pct=-2 isLow=False tooltip="⚠ Driver | Magic Mouse 2024 - battery N/A · Next: 5m"
[2026-04-27 17:26:00] POLL_SCHEDULED pct=-2 next_in=00:05:00
[2026-04-27 17:31:00] HIDP_CAPS path=\\?\hid#{00001124-0000-1000-8000-00805f9b34fb}_vid&0001004c_pid&0323#a&31e5d054&c&0000#{4d1e55b2-f16f-11cf-88cb-001111000030} InLen=47 FeatLen=2 TLC=UP:0001/U:0002
[2026-04-27 17:31:00] DETECT path=\\?\hid#{00001124-0000-1000-8000-00805f9b34fb}_vid&0001004c_pid&0323#a&31e5d054&c&0000#{4d1e55b2-f16f-11cf-88cb-001111000030} unified-apple Feature=0x47 (Battery Strength)
[2026-04-27 17:31:00] FEATURE_BLOCKED path=\\?\hid#{00001124-0000-1000-8000-00805f9b34fb}_vid&0001004c_pid&0323#a&31e5d054&c&0000#{4d1e55b2-f16f-11cf-88cb-001111000030} err=87 (Apple driver traps Feature 0x47; needs custom KMDF filter — see PRD-184)
[2026-04-27 17:31:00] BATTERY_INACCESSIBLE Apple driver in unified mode (see PRD-184)
[2026-04-27 17:31:00] TRAY_UPDATE pct=-2 isLow=False tooltip="⚠ Driver | Magic Mouse 2024 - battery N/A · Next: 5m"
[2026-04-27 17:31:00] POLL_SCHEDULED pct=-2 next_in=00:05:00
[2026-04-27 17:36:00] HIDP_CAPS path=\\?\hid#{00001124-0000-1000-8000-00805f9b34fb}_vid&0001004c_pid&0323#a&31e5d054&c&0000#{4d1e55b2-f16f-11cf-88cb-001111000030} InLen=47 FeatLen=2 TLC=UP:0001/U:0002
[2026-04-27 17:36:00] DETECT path=\\?\hid#{00001124-0000-1000-8000-00805f9b34fb}_vid&0001004c_pid&0323#a&31e5d054&c&0000#{4d1e55b2-f16f-11cf-88cb-001111000030} unified-apple Feature=0x47 (Battery Strength)
[2026-04-27 17:36:01] FEATURE_BLOCKED path=\\?\hid#{00001124-0000-1000-8000-00805f9b34fb}_vid&0001004c_pid&0323#a&31e5d054&c&0000#{4d1e55b2-f16f-11cf-88cb-001111000030} err=87 (Apple driver traps Feature 0x47; needs custom KMDF filter — see PRD-184)
[2026-04-27 17:36:01] BATTERY_INACCESSIBLE Apple driver in unified mode (see PRD-184)
[2026-04-27 17:36:01] TRAY_UPDATE pct=-2 isLow=False tooltip="⚠ Driver | Magic Mouse 2024 - battery N/A · Next: 5m"
[2026-04-27 17:36:01] POLL_SCHEDULED pct=-2 next_in=00:05:00
[2026-04-27 17:41:01] HIDP_CAPS path=\\?\hid#{00001124-0000-1000-8000-00805f9b34fb}_vid&0001004c_pid&0323#a&31e5d054&c&0000#{4d1e55b2-f16f-11cf-88cb-001111000030} InLen=47 FeatLen=2 TLC=UP:0001/U:0002
[2026-04-27 17:41:01] DETECT path=\\?\hid#{00001124-0000-1000-8000-00805f9b34fb}_vid&0001004c_pid&0323#a&31e5d054&c&0000#{4d1e55b2-f16f-11cf-88cb-001111000030} unified-apple Feature=0x47 (Battery Strength)
[2026-04-27 17:41:01] FEATURE_BLOCKED path=\\?\hid#{00001124-0000-1000-8000-00805f9b34fb}_vid&0001004c_pid&0323#a&31e5d054&c&0000#{4d1e55b2-f16f-11cf-88cb-001111000030} err=87 (Apple driver traps Feature 0x47; needs custom KMDF filter — see PRD-184)
[2026-04-27 17:41:01] BATTERY_INACCESSIBLE Apple driver in unified mode (see PRD-184)
[2026-04-27 17:41:01] TRAY_UPDATE pct=-2 isLow=False tooltip="⚠ Driver | Magic Mouse 2024 - battery N/A · Next: 5m"
[2026-04-27 17:41:01] POLL_SCHEDULED pct=-2 next_in=00:05:00
[2026-04-27 17:43:44] DRIVER_CHECK pid=0x0323 LowerFilters=bound
[2026-04-27 17:43:44] DRIVER_CHECK unknown_apple_pid=0x0239 bound=False
[2026-04-27 17:43:44] DRIVER_CHECK status=UnknownAppleMouse (PID not in INF)
[2026-04-27 17:43:44] HIDP_CAPS path=\\?\hid#{00001124-0000-1000-8000-00805f9b34fb}_vid&0001004c_pid&0323&col01#a&31e5d054&c&0000#{4d1e55b2-f16f-11cf-88cb-001111000030} InLen=8 FeatLen=65 TLC=UP:0001/U:0002
[2026-04-27 17:43:44] NO_BATTERY_TLC path=\\?\hid#{00001124-0000-1000-8000-00805f9b34fb}_vid&0001004c_pid&0323&col01#a&31e5d054&c&0000#{4d1e55b2-f16f-11cf-88cb-001111000030}
[2026-04-27 17:43:44] HIDP_CAPS path=\\?\hid#{00001124-0000-1000-8000-00805f9b34fb}_vid&0001004c_pid&0323&col02#a&31e5d054&c&0001#{4d1e55b2-f16f-11cf-88cb-001111000030} InLen=3 FeatLen=0 TLC=UP:FF00/U:0014
[2026-04-27 17:43:44] DETECT path=\\?\hid#{00001124-0000-1000-8000-00805f9b34fb}_vid&0001004c_pid&0323&col02#a&31e5d054&c&0001#{4d1e55b2-f16f-11cf-88cb-001111000030} split-vendor InputReport=0x90
[2026-04-27 17:43:44] OK path=\\?\hid#{00001124-0000-1000-8000-00805f9b34fb}_vid&0001004c_pid&0323&col02#a&31e5d054&c&0001#{4d1e55b2-f16f-11cf-88cb-001111000030} battery=44% (split)
[2026-04-27 17:43:44] TRAY_UPDATE pct=44 isLow=False tooltip="⚠ Driver | Magic Mouse 2024 - 44% · Next: 30m"
[2026-04-27 17:43:44] POLL_SCHEDULED pct=44 next_in=00:30:00
