[2026-04-27 13:19:22] FEATURE_BLOCKED path=\\?\hid#{00001124-0000-1000-8000-00805f9b34fb}_vid&0001004c_pid&0323#a&31e5d054&b&0000#{4d1e55b2-f16f-11cf-88cb-001111000030} err=87 (Apple driver traps Feature 0x47; needs custom KMDF filter — see PRD-184)
[2026-04-27 13:19:22] BATTERY_INACCESSIBLE Apple driver in unified mode (see PRD-184)
[2026-04-27 13:19:22] TRAY_UPDATE pct=-2 isLow=False tooltip="⚠ Driver | Magic Mouse 2024 - battery N/A · Next: 5m"
[2026-04-27 13:19:22] POLL_SCHEDULED pct=-2 next_in=00:05:00
[2026-04-27 13:24:22] HIDP_CAPS path=\\?\hid#{00001124-0000-1000-8000-00805f9b34fb}_vid&0001004c_pid&0323#a&31e5d054&b&0000#{4d1e55b2-f16f-11cf-88cb-001111000030} InLen=47 FeatLen=2 TLC=UP:0001/U:0002
[2026-04-27 13:24:22] DETECT path=\\?\hid#{00001124-0000-1000-8000-00805f9b34fb}_vid&0001004c_pid&0323#a&31e5d054&b&0000#{4d1e55b2-f16f-11cf-88cb-001111000030} unified-apple Feature=0x47 (Battery Strength)
[2026-04-27 13:24:22] FEATURE_BLOCKED path=\\?\hid#{00001124-0000-1000-8000-00805f9b34fb}_vid&0001004c_pid&0323#a&31e5d054&b&0000#{4d1e55b2-f16f-11cf-88cb-001111000030} err=87 (Apple driver traps Feature 0x47; needs custom KMDF filter — see PRD-184)
[2026-04-27 13:24:22] BATTERY_INACCESSIBLE Apple driver in unified mode (see PRD-184)
[2026-04-27 13:24:22] TRAY_UPDATE pct=-2 isLow=False tooltip="⚠ Driver | Magic Mouse 2024 - battery N/A · Next: 5m"
[2026-04-27 13:24:22] POLL_SCHEDULED pct=-2 next_in=00:05:00
[2026-04-27 13:29:22] HIDP_CAPS path=\\?\hid#{00001124-0000-1000-8000-00805f9b34fb}_vid&0001004c_pid&0323#a&31e5d054&b&0000#{4d1e55b2-f16f-11cf-88cb-001111000030} InLen=47 FeatLen=2 TLC=UP:0001/U:0002
[2026-04-27 13:29:22] DETECT path=\\?\hid#{00001124-0000-1000-8000-00805f9b34fb}_vid&0001004c_pid&0323#a&31e5d054&b&0000#{4d1e55b2-f16f-11cf-88cb-001111000030} unified-apple Feature=0x47 (Battery Strength)
[2026-04-27 13:29:22] FEATURE_BLOCKED path=\\?\hid#{00001124-0000-1000-8000-00805f9b34fb}_vid&0001004c_pid&0323#a&31e5d054&b&0000#{4d1e55b2-f16f-11cf-88cb-001111000030} err=87 (Apple driver traps Feature 0x47; needs custom KMDF filter — see PRD-184)
[2026-04-27 13:29:22] BATTERY_INACCESSIBLE Apple driver in unified mode (see PRD-184)
[2026-04-27 13:29:22] TRAY_UPDATE pct=-2 isLow=False tooltip="⚠ Driver | Magic Mouse 2024 - battery N/A · Next: 5m"
[2026-04-27 13:29:22] POLL_SCHEDULED pct=-2 next_in=00:05:00
[2026-04-27 13:34:22] HIDP_CAPS path=\\?\hid#{00001124-0000-1000-8000-00805f9b34fb}_vid&0001004c_pid&0323#a&31e5d054&b&0000#{4d1e55b2-f16f-11cf-88cb-001111000030} InLen=47 FeatLen=2 TLC=UP:0001/U:0002
[2026-04-27 13:34:22] DETECT path=\\?\hid#{00001124-0000-1000-8000-00805f9b34fb}_vid&0001004c_pid&0323#a&31e5d054&b&0000#{4d1e55b2-f16f-11cf-88cb-001111000030} unified-apple Feature=0x47 (Battery Strength)
[2026-04-27 13:34:22] FEATURE_BLOCKED path=\\?\hid#{00001124-0000-1000-8000-00805f9b34fb}_vid&0001004c_pid&0323#a&31e5d054&b&0000#{4d1e55b2-f16f-11cf-88cb-001111000030} err=87 (Apple driver traps Feature 0x47; needs custom KMDF filter — see PRD-184)
[2026-04-27 13:34:22] BATTERY_INACCESSIBLE Apple driver in unified mode (see PRD-184)
[2026-04-27 13:34:22] TRAY_UPDATE pct=-2 isLow=False tooltip="⚠ Driver | Magic Mouse 2024 - battery N/A · Next: 5m"
[2026-04-27 13:34:22] POLL_SCHEDULED pct=-2 next_in=00:05:00
[2026-04-27 13:39:22] HIDP_CAPS path=\\?\hid#{00001124-0000-1000-8000-00805f9b34fb}_vid&0001004c_pid&0323#a&31e5d054&b&0000#{4d1e55b2-f16f-11cf-88cb-001111000030} InLen=47 FeatLen=2 TLC=UP:0001/U:0002
[2026-04-27 13:39:22] DETECT path=\\?\hid#{00001124-0000-1000-8000-00805f9b34fb}_vid&0001004c_pid&0323#a&31e5d054&b&0000#{4d1e55b2-f16f-11cf-88cb-001111000030} unified-apple Feature=0x47 (Battery Strength)
[2026-04-27 13:39:23] FEATURE_BLOCKED path=\\?\hid#{00001124-0000-1000-8000-00805f9b34fb}_vid&0001004c_pid&0323#a&31e5d054&b&0000#{4d1e55b2-f16f-11cf-88cb-001111000030} err=87 (Apple driver traps Feature 0x47; needs custom KMDF filter — see PRD-184)
[2026-04-27 13:39:23] BATTERY_INACCESSIBLE Apple driver in unified mode (see PRD-184)
[2026-04-27 13:39:23] TRAY_UPDATE pct=-2 isLow=False tooltip="⚠ Driver | Magic Mouse 2024 - battery N/A · Next: 5m"
[2026-04-27 13:39:23] POLL_SCHEDULED pct=-2 next_in=00:05:00
[2026-04-27 13:44:23] HIDP_CAPS path=\\?\hid#{00001124-0000-1000-8000-00805f9b34fb}_vid&0001004c_pid&0323#a&31e5d054&b&0000#{4d1e55b2-f16f-11cf-88cb-001111000030} InLen=47 FeatLen=2 TLC=UP:0001/U:0002
[2026-04-27 13:44:23] DETECT path=\\?\hid#{00001124-0000-1000-8000-00805f9b34fb}_vid&0001004c_pid&0323#a&31e5d054&b&0000#{4d1e55b2-f16f-11cf-88cb-001111000030} unified-apple Feature=0x47 (Battery Strength)
[2026-04-27 13:44:23] FEATURE_BLOCKED path=\\?\hid#{00001124-0000-1000-8000-00805f9b34fb}_vid&0001004c_pid&0323#a&31e5d054&b&0000#{4d1e55b2-f16f-11cf-88cb-001111000030} err=87 (Apple driver traps Feature 0x47; needs custom KMDF filter — see PRD-184)
[2026-04-27 13:44:23] BATTERY_INACCESSIBLE Apple driver in unified mode (see PRD-184)
[2026-04-27 13:44:23] TRAY_UPDATE pct=-2 isLow=False tooltip="⚠ Driver | Magic Mouse 2024 - battery N/A · Next: 5m"
[2026-04-27 13:44:23] POLL_SCHEDULED pct=-2 next_in=00:05:00
[2026-04-27 13:49:23] HIDP_CAPS path=\\?\hid#{00001124-0000-1000-8000-00805f9b34fb}_vid&0001004c_pid&0323#a&31e5d054&b&0000#{4d1e55b2-f16f-11cf-88cb-001111000030} InLen=47 FeatLen=2 TLC=UP:0001/U:0002
[2026-04-27 13:49:23] DETECT path=\\?\hid#{00001124-0000-1000-8000-00805f9b34fb}_vid&0001004c_pid&0323#a&31e5d054&b&0000#{4d1e55b2-f16f-11cf-88cb-001111000030} unified-apple Feature=0x47 (Battery Strength)
[2026-04-27 13:49:23] FEATURE_BLOCKED path=\\?\hid#{00001124-0000-1000-8000-00805f9b34fb}_vid&0001004c_pid&0323#a&31e5d054&b&0000#{4d1e55b2-f16f-11cf-88cb-001111000030} err=87 (Apple driver traps Feature 0x47; needs custom KMDF filter — see PRD-184)
[2026-04-27 13:49:23] BATTERY_INACCESSIBLE Apple driver in unified mode (see PRD-184)
[2026-04-27 13:49:23] TRAY_UPDATE pct=-2 isLow=False tooltip="⚠ Driver | Magic Mouse 2024 - battery N/A · Next: 5m"
[2026-04-27 13:49:23] POLL_SCHEDULED pct=-2 next_in=00:05:00
[2026-04-27 13:54:23] HIDP_CAPS path=\\?\hid#{00001124-0000-1000-8000-00805f9b34fb}_vid&0001004c_pid&0323#a&31e5d054&b&0000#{4d1e55b2-f16f-11cf-88cb-001111000030} InLen=47 FeatLen=2 TLC=UP:0001/U:0002
[2026-04-27 13:54:23] DETECT path=\\?\hid#{00001124-0000-1000-8000-00805f9b34fb}_vid&0001004c_pid&0323#a&31e5d054&b&0000#{4d1e55b2-f16f-11cf-88cb-001111000030} unified-apple Feature=0x47 (Battery Strength)
[2026-04-27 13:54:23] FEATURE_BLOCKED path=\\?\hid#{00001124-0000-1000-8000-00805f9b34fb}_vid&0001004c_pid&0323#a&31e5d054&b&0000#{4d1e55b2-f16f-11cf-88cb-001111000030} err=87 (Apple driver traps Feature 0x47; needs custom KMDF filter — see PRD-184)
[2026-04-27 13:54:23] BATTERY_INACCESSIBLE Apple driver in unified mode (see PRD-184)
[2026-04-27 13:54:24] TRAY_UPDATE pct=-2 isLow=False tooltip="⚠ Driver | Magic Mouse 2024 - battery N/A · Next: 5m"
[2026-04-27 13:54:24] POLL_SCHEDULED pct=-2 next_in=00:05:00
[2026-04-27 13:59:24] HIDP_CAPS path=\\?\hid#{00001124-0000-1000-8000-00805f9b34fb}_vid&0001004c_pid&0323#a&31e5d054&b&0000#{4d1e55b2-f16f-11cf-88cb-001111000030} InLen=47 FeatLen=2 TLC=UP:0001/U:0002
[2026-04-27 13:59:24] DETECT path=\\?\hid#{00001124-0000-1000-8000-00805f9b34fb}_vid&0001004c_pid&0323#a&31e5d054&b&0000#{4d1e55b2-f16f-11cf-88cb-001111000030} unified-apple Feature=0x47 (Battery Strength)
[2026-04-27 13:59:24] FEATURE_BLOCKED path=\\?\hid#{00001124-0000-1000-8000-00805f9b34fb}_vid&0001004c_pid&0323#a&31e5d054&b&0000#{4d1e55b2-f16f-11cf-88cb-001111000030} err=87 (Apple driver traps Feature 0x47; needs custom KMDF filter — see PRD-184)
[2026-04-27 13:59:24] BATTERY_INACCESSIBLE Apple driver in unified mode (see PRD-184)
[2026-04-27 13:59:24] TRAY_UPDATE pct=-2 isLow=False tooltip="⚠ Driver | Magic Mouse 2024 - battery N/A · Next: 5m"
[2026-04-27 13:59:24] POLL_SCHEDULED pct=-2 next_in=00:05:00
[2026-04-27 14:04:24] HIDP_CAPS path=\\?\hid#{00001124-0000-1000-8000-00805f9b34fb}_vid&0001004c_pid&0323#a&31e5d054&b&0000#{4d1e55b2-f16f-11cf-88cb-001111000030} InLen=47 FeatLen=2 TLC=UP:0001/U:0002
[2026-04-27 14:04:24] DETECT path=\\?\hid#{00001124-0000-1000-8000-00805f9b34fb}_vid&0001004c_pid&0323#a&31e5d054&b&0000#{4d1e55b2-f16f-11cf-88cb-001111000030} unified-apple Feature=0x47 (Battery Strength)
[2026-04-27 14:04:24] FEATURE_BLOCKED path=\\?\hid#{00001124-0000-1000-8000-00805f9b34fb}_vid&0001004c_pid&0323#a&31e5d054&b&0000#{4d1e55b2-f16f-11cf-88cb-001111000030} err=87 (Apple driver traps Feature 0x47; needs custom KMDF filter — see PRD-184)
[2026-04-27 14:04:24] BATTERY_INACCESSIBLE Apple driver in unified mode (see PRD-184)
[2026-04-27 14:04:24] TRAY_UPDATE pct=-2 isLow=False tooltip="⚠ Driver | Magic Mouse 2024 - battery N/A · Next: 5m"
[2026-04-27 14:04:24] POLL_SCHEDULED pct=-2 next_in=00:05:00
[2026-04-27 14:09:24] HIDP_CAPS path=\\?\hid#{00001124-0000-1000-8000-00805f9b34fb}_vid&0001004c_pid&0323#a&31e5d054&b&0000#{4d1e55b2-f16f-11cf-88cb-001111000030} InLen=47 FeatLen=2 TLC=UP:0001/U:0002
[2026-04-27 14:09:24] DETECT path=\\?\hid#{00001124-0000-1000-8000-00805f9b34fb}_vid&0001004c_pid&0323#a&31e5d054&b&0000#{4d1e55b2-f16f-11cf-88cb-001111000030} unified-apple Feature=0x47 (Battery Strength)
[2026-04-27 14:09:24] FEATURE_BLOCKED path=\\?\hid#{00001124-0000-1000-8000-00805f9b34fb}_vid&0001004c_pid&0323#a&31e5d054&b&0000#{4d1e55b2-f16f-11cf-88cb-001111000030} err=87 (Apple driver traps Feature 0x47; needs custom KMDF filter — see PRD-184)
[2026-04-27 14:09:24] BATTERY_INACCESSIBLE Apple driver in unified mode (see PRD-184)
[2026-04-27 14:09:24] TRAY_UPDATE pct=-2 isLow=False tooltip="⚠ Driver | Magic Mouse 2024 - battery N/A · Next: 5m"
[2026-04-27 14:09:24] POLL_SCHEDULED pct=-2 next_in=00:05:00
[2026-04-27 14:14:24] HIDP_CAPS path=\\?\hid#{00001124-0000-1000-8000-00805f9b34fb}_vid&0001004c_pid&0323#a&31e5d054&b&0000#{4d1e55b2-f16f-11cf-88cb-001111000030} InLen=47 FeatLen=2 TLC=UP:0001/U:0002
[2026-04-27 14:14:24] DETECT path=\\?\hid#{00001124-0000-1000-8000-00805f9b34fb}_vid&0001004c_pid&0323#a&31e5d054&b&0000#{4d1e55b2-f16f-11cf-88cb-001111000030} unified-apple Feature=0x47 (Battery Strength)
[2026-04-27 14:14:24] FEATURE_BLOCKED path=\\?\hid#{00001124-0000-1000-8000-00805f9b34fb}_vid&0001004c_pid&0323#a&31e5d054&b&0000#{4d1e55b2-f16f-11cf-88cb-001111000030} err=87 (Apple driver traps Feature 0x47; needs custom KMDF filter — see PRD-184)
[2026-04-27 14:14:24] BATTERY_INACCESSIBLE Apple driver in unified mode (see PRD-184)
[2026-04-27 14:14:24] TRAY_UPDATE pct=-2 isLow=False tooltip="⚠ Driver | Magic Mouse 2024 - battery N/A · Next: 5m"
[2026-04-27 14:14:24] POLL_SCHEDULED pct=-2 next_in=00:05:00
[2026-04-27 14:19:24] HIDP_CAPS path=\\?\hid#{00001124-0000-1000-8000-00805f9b34fb}_vid&0001004c_pid&0323#a&31e5d054&b&0000#{4d1e55b2-f16f-11cf-88cb-001111000030} InLen=47 FeatLen=2 TLC=UP:0001/U:0002
[2026-04-27 14:19:24] DETECT path=\\?\hid#{00001124-0000-1000-8000-00805f9b34fb}_vid&0001004c_pid&0323#a&31e5d054&b&0000#{4d1e55b2-f16f-11cf-88cb-001111000030} unified-apple Feature=0x47 (Battery Strength)
[2026-04-27 14:19:24] FEATURE_BLOCKED path=\\?\hid#{00001124-0000-1000-8000-00805f9b34fb}_vid&0001004c_pid&0323#a&31e5d054&b&0000#{4d1e55b2-f16f-11cf-88cb-001111000030} err=87 (Apple driver traps Feature 0x47; needs custom KMDF filter — see PRD-184)
[2026-04-27 14:19:24] BATTERY_INACCESSIBLE Apple driver in unified mode (see PRD-184)
[2026-04-27 14:19:24] TRAY_UPDATE pct=-2 isLow=False tooltip="⚠ Driver | Magic Mouse 2024 - battery N/A · Next: 5m"
[2026-04-27 14:19:24] POLL_SCHEDULED pct=-2 next_in=00:05:00
[2026-04-27 14:24:24] HIDP_CAPS path=\\?\hid#{00001124-0000-1000-8000-00805f9b34fb}_vid&0001004c_pid&0323#a&31e5d054&b&0000#{4d1e55b2-f16f-11cf-88cb-001111000030} InLen=47 FeatLen=2 TLC=UP:0001/U:0002
[2026-04-27 14:24:24] DETECT path=\\?\hid#{00001124-0000-1000-8000-00805f9b34fb}_vid&0001004c_pid&0323#a&31e5d054&b&0000#{4d1e55b2-f16f-11cf-88cb-001111000030} unified-apple Feature=0x47 (Battery Strength)
[2026-04-27 14:24:24] FEATURE_BLOCKED path=\\?\hid#{00001124-0000-1000-8000-00805f9b34fb}_vid&0001004c_pid&0323#a&31e5d054&b&0000#{4d1e55b2-f16f-11cf-88cb-001111000030} err=87 (Apple driver traps Feature 0x47; needs custom KMDF filter — see PRD-184)
[2026-04-27 14:24:24] BATTERY_INACCESSIBLE Apple driver in unified mode (see PRD-184)
[2026-04-27 14:24:24] TRAY_UPDATE pct=-2 isLow=False tooltip="⚠ Driver | Magic Mouse 2024 - battery N/A · Next: 5m"
[2026-04-27 14:24:24] POLL_SCHEDULED pct=-2 next_in=00:05:00
[2026-04-27 14:29:24] HIDP_CAPS path=\\?\hid#{00001124-0000-1000-8000-00805f9b34fb}_vid&0001004c_pid&0323#a&31e5d054&b&0000#{4d1e55b2-f16f-11cf-88cb-001111000030} InLen=47 FeatLen=2 TLC=UP:0001/U:0002
[2026-04-27 14:29:24] DETECT path=\\?\hid#{00001124-0000-1000-8000-00805f9b34fb}_vid&0001004c_pid&0323#a&31e5d054&b&0000#{4d1e55b2-f16f-11cf-88cb-001111000030} unified-apple Feature=0x47 (Battery Strength)
[2026-04-27 14:29:24] FEATURE_BLOCKED path=\\?\hid#{00001124-0000-1000-8000-00805f9b34fb}_vid&0001004c_pid&0323#a&31e5d054&b&0000#{4d1e55b2-f16f-11cf-88cb-001111000030} err=87 (Apple driver traps Feature 0x47; needs custom KMDF filter — see PRD-184)
[2026-04-27 14:29:24] BATTERY_INACCESSIBLE Apple driver in unified mode (see PRD-184)
[2026-04-27 14:29:24] TRAY_UPDATE pct=-2 isLow=False tooltip="⚠ Driver | Magic Mouse 2024 - battery N/A · Next: 5m"
[2026-04-27 14:29:24] POLL_SCHEDULED pct=-2 next_in=00:05:00
[2026-04-27 14:34:24] HIDP_CAPS path=\\?\hid#{00001124-0000-1000-8000-00805f9b34fb}_vid&0001004c_pid&0323#a&31e5d054&b&0000#{4d1e55b2-f16f-11cf-88cb-001111000030} InLen=47 FeatLen=2 TLC=UP:0001/U:0002
[2026-04-27 14:34:24] DETECT path=\\?\hid#{00001124-0000-1000-8000-00805f9b34fb}_vid&0001004c_pid&0323#a&31e5d054&b&0000#{4d1e55b2-f16f-11cf-88cb-001111000030} unified-apple Feature=0x47 (Battery Strength)
[2026-04-27 14:34:24] FEATURE_BLOCKED path=\\?\hid#{00001124-0000-1000-8000-00805f9b34fb}_vid&0001004c_pid&0323#a&31e5d054&b&0000#{4d1e55b2-f16f-11cf-88cb-001111000030} err=87 (Apple driver traps Feature 0x47; needs custom KMDF filter — see PRD-184)
[2026-04-27 14:34:24] BATTERY_INACCESSIBLE Apple driver in unified mode (see PRD-184)
[2026-04-27 14:34:24] TRAY_UPDATE pct=-2 isLow=False tooltip="⚠ Driver | Magic Mouse 2024 - battery N/A · Next: 5m"
[2026-04-27 14:34:24] POLL_SCHEDULED pct=-2 next_in=00:05:00
[2026-04-27 14:39:24] HIDP_CAPS path=\\?\hid#{00001124-0000-1000-8000-00805f9b34fb}_vid&0001004c_pid&0323#a&31e5d054&b&0000#{4d1e55b2-f16f-11cf-88cb-001111000030} InLen=47 FeatLen=2 TLC=UP:0001/U:0002
[2026-04-27 14:39:24] DETECT path=\\?\hid#{00001124-0000-1000-8000-00805f9b34fb}_vid&0001004c_pid&0323#a&31e5d054&b&0000#{4d1e55b2-f16f-11cf-88cb-001111000030} unified-apple Feature=0x47 (Battery Strength)
[2026-04-27 14:39:25] FEATURE_BLOCKED path=\\?\hid#{00001124-0000-1000-8000-00805f9b34fb}_vid&0001004c_pid&0323#a&31e5d054&b&0000#{4d1e55b2-f16f-11cf-88cb-001111000030} err=87 (Apple driver traps Feature 0x47; needs custom KMDF filter — see PRD-184)
[2026-04-27 14:39:25] BATTERY_INACCESSIBLE Apple driver in unified mode (see PRD-184)
[2026-04-27 14:39:25] TRAY_UPDATE pct=-2 isLow=False tooltip="⚠ Driver | Magic Mouse 2024 - battery N/A · Next: 5m"
[2026-04-27 14:39:25] POLL_SCHEDULED pct=-2 next_in=00:05:00
